2021-10-12 11:23:48,972 - trainer - WARNING - Warning: visualization (Tensorboard) is configured to use, but currently not installed on this machine. Please install TensorboardX with 'pip install tensorboardx', upgrade PyTorch to version >= 1.1 to use 'torch.utils.tensorboard' or turn off the option in the 'config.json' file.
2021-10-12 11:23:49,045 - DataStats - INFO - 
=== Transform input info -- LoadImaged ===
2021-10-12 11:23:49,045 - DataStats - INFO - img statistics:
Type: <class 'str'>
Value: ../dummy_data/images/psCROMIS2ICH_01041-0005-00002-000001.nii.gz
2021-10-12 11:23:49,046 - DataStats - INFO - seg statistics:
Type: <class 'str'>
Value: ../dummy_data/labels/psCROMIS2ICH_01041-0005-00002-000001.nii.gz
2021-10-12 11:23:49,045 - DataStats - INFO - 
=== Transform input info -- LoadImaged ===
2021-10-12 11:23:49,045 - DataStats - INFO - 
=== Transform input info -- LoadImaged ===
2021-10-12 11:23:49,046 - DataStats - INFO - img statistics:
Type: <class 'str'>
Value: ../dummy_data/images/psCROMIS2ICH_01096-0006-00002-000001.nii.gz
2021-10-12 11:23:49,046 - DataStats - INFO - img statistics:
Type: <class 'str'>
Value: ../dummy_data/images/psCROMIS2ICH_01082-0005-00003-000001.nii.gz
2021-10-12 11:23:49,046 - DataStats - INFO - seg statistics:
Type: <class 'str'>
Value: ../dummy_data/labels/psCROMIS2ICH_01096-0006-00002-000001.nii.gz
2021-10-12 11:23:49,046 - DataStats - INFO - seg statistics:
Type: <class 'str'>
Value: ../dummy_data/labels/psCROMIS2ICH_01082-0005-00003-000001.nii.gz
2021-10-12 11:23:49,049 - DataStats - INFO - 
=== Transform input info -- LoadImaged ===
2021-10-12 11:23:49,049 - DataStats - INFO - img statistics:
Type: <class 'str'>
Value: ../dummy_data/images/psCROMIS2ICH_01020-0004-00002-000001.nii.gz
2021-10-12 11:23:49,051 - DataStats - INFO - seg statistics:
Type: <class 'str'>
Value: ../dummy_data/labels/psCROMIS2ICH_01020-0004-00002-000001.nii.gz
