2021-09-08 10:17:34,226 - DataStats - INFO - 
=== Transform input info -- LoadImaged ===
2021-09-08 10:17:34,226 - DataStats - INFO - img statistics:
Type: <class 'str'>
Value: ../dummy_data/images/psCROMIS2ICH_01041-0005-00002-000001.nii.gz
2021-09-08 10:17:34,226 - DataStats - INFO - seg statistics:
Type: <class 'str'>
Value: ../dummy_data/labels/psCROMIS2ICH_01041-0005-00002-000001.nii.gz
2021-09-08 10:17:34,227 - DataStats - INFO - 
=== Transform input info -- LoadImaged ===
2021-09-08 10:17:34,227 - DataStats - INFO - 
=== Transform input info -- LoadImaged ===
2021-09-08 10:17:34,227 - DataStats - INFO - img statistics:
Type: <class 'str'>
Value: ../dummy_data/images/psCROMIS2ICH_01082-0005-00003-000001.nii.gz
2021-09-08 10:17:34,227 - DataStats - INFO - img statistics:
Type: <class 'str'>
Value: ../dummy_data/images/psCROMIS2ICH_01096-0006-00002-000001.nii.gz
2021-09-08 10:17:34,227 - DataStats - INFO - seg statistics:
Type: <class 'str'>
Value: ../dummy_data/labels/psCROMIS2ICH_01082-0005-00003-000001.nii.gz
2021-09-08 10:17:34,227 - DataStats - INFO - seg statistics:
Type: <class 'str'>
Value: ../dummy_data/labels/psCROMIS2ICH_01096-0006-00002-000001.nii.gz
